Determining if the pthread_create exist failed with the following output:
Change Dir: /home/wil/projects/research/rosbeam/build/build_isolated/rosbeam/CMakeFiles/CMakeTmp

Run Build Command:"/usr/bin/make" "cmTC_cb720/fast"
make[1]: Entering directory '/home/wil/projects/research/rosbeam/build/build_isolated/rosbeam/CMakeFiles/CMakeTmp'
/usr/bin/make -f CMakeFiles/cmTC_cb720.dir/build.make CMakeFiles/cmTC_cb720.dir/build
make[2]: Entering directory '/home/wil/projects/research/rosbeam/build/build_isolated/rosbeam/CMakeFiles/CMakeTmp'
Building C object CMakeFiles/cmTC_cb720.dir/CheckSymbolExists.c.o
/usr/bin/cc    -o CMakeFiles/cmTC_cb720.dir/CheckSymbolExists.c.o   -c /home/wil/projects/research/rosbeam/build/build_isolated/rosbeam/CMakeFiles/CMakeTmp/CheckSymbolExists.c
Linking C executable cmTC_cb720
/usr/bin/cmake -E cmake_link_script CMakeFiles/cmTC_cb720.dir/link.txt --verbose=1
/usr/bin/cc       CMakeFiles/cmTC_cb720.dir/CheckSymbolExists.c.o  -o cmTC_cb720 -rdynamic 
CMakeFiles/cmTC_cb720.dir/CheckSymbolExists.c.o: In function `main':
CheckSymbolExists.c:(.text+0x16): undefined reference to `pthread_create'
collect2: error: ld returned 1 exit status
CMakeFiles/cmTC_cb720.dir/build.make:97: recipe for target 'cmTC_cb720' failed
make[2]: *** [cmTC_cb720] Error 1
make[2]: Leaving directory '/home/wil/projects/research/rosbeam/build/build_isolated/rosbeam/CMakeFiles/CMakeTmp'
Makefile:126: recipe for target 'cmTC_cb720/fast' failed
make[1]: Leaving directory '/home/wil/projects/research/rosbeam/build/build_isolated/rosbeam/CMakeFiles/CMakeTmp'
make[1]: *** [cmTC_cb720/fast] Error 2

File /home/wil/projects/research/rosbeam/build/build_isolated/rosbeam/CMakeFiles/CMakeTmp/CheckSymbolExists.c:
/* */
#include <pthread.h>

int main(int argc, char** argv)
{
  (void)argv;
#ifndef pthread_create
  return ((int*)(&pthread_create))[argc];
#else
  (void)argc;
  return 0;
#endif
}

Determining if the function pthread_create exists in the pthreads failed with the following output:
Change Dir: /home/wil/projects/research/rosbeam/build/build_isolated/rosbeam/CMakeFiles/CMakeTmp

Run Build Command:"/usr/bin/make" "cmTC_e0f51/fast"
make[1]: Entering directory '/home/wil/projects/research/rosbeam/build/build_isolated/rosbeam/CMakeFiles/CMakeTmp'
/usr/bin/make -f CMakeFiles/cmTC_e0f51.dir/build.make CMakeFiles/cmTC_e0f51.dir/build
make[2]: Entering directory '/home/wil/projects/research/rosbeam/build/build_isolated/rosbeam/CMakeFiles/CMakeTmp'
Building C object CMakeFiles/cmTC_e0f51.dir/CheckFunctionExists.c.o
/usr/bin/cc   -DCHECK_FUNCTION_EXISTS=pthread_create   -o CMakeFiles/cmTC_e0f51.dir/CheckFunctionExists.c.o   -c /usr/share/cmake-3.3/Modules/CheckFunctionExists.c
Linking C executable cmTC_e0f51
/usr/bin/cmake -E cmake_link_script CMakeFiles/cmTC_e0f51.dir/link.txt --verbose=1
/usr/bin/cc   -DCHECK_FUNCTION_EXISTS=pthread_create    CMakeFiles/cmTC_e0f51.dir/CheckFunctionExists.c.o  -o cmTC_e0f51 -rdynamic -lpthreads 
/usr/bin/ld: cannot find -lpthreads
collect2: error: ld returned 1 exit status
CMakeFiles/cmTC_e0f51.dir/build.make:97: recipe for target 'cmTC_e0f51' failed
make[2]: *** [cmTC_e0f51] Error 1
make[2]: Leaving directory '/home/wil/projects/research/rosbeam/build/build_isolated/rosbeam/CMakeFiles/CMakeTmp'
Makefile:126: recipe for target 'cmTC_e0f51/fast' failed
make[1]: Leaving directory '/home/wil/projects/research/rosbeam/build/build_isolated/rosbeam/CMakeFiles/CMakeTmp'
make[1]: *** [cmTC_e0f51/fast] Error 2


