Determining if the pthread_create exist failed with the following output:
Change Dir: /home/wil/projects/research/rosbeam/build/build_isolated/roscpp/CMakeFiles/CMakeTmp

Run Build Command:"/usr/bin/make" "cmTC_fd6f2/fast"
make[1]: Entering directory '/home/wil/projects/research/rosbeam/build/build_isolated/roscpp/CMakeFiles/CMakeTmp'
/usr/bin/make -f CMakeFiles/cmTC_fd6f2.dir/build.make CMakeFiles/cmTC_fd6f2.dir/build
make[2]: Entering directory '/home/wil/projects/research/rosbeam/build/build_isolated/roscpp/CMakeFiles/CMakeTmp'
Building C object CMakeFiles/cmTC_fd6f2.dir/CheckSymbolExists.c.o
/usr/bin/cc    -o CMakeFiles/cmTC_fd6f2.dir/CheckSymbolExists.c.o   -c /home/wil/projects/research/rosbeam/build/build_isolated/roscpp/CMakeFiles/CMakeTmp/CheckSymbolExists.c
Linking C executable cmTC_fd6f2
/usr/bin/cmake -E cmake_link_script CMakeFiles/cmTC_fd6f2.dir/link.txt --verbose=1
/usr/bin/cc       CMakeFiles/cmTC_fd6f2.dir/CheckSymbolExists.c.o  -o cmTC_fd6f2 -rdynamic 
CMakeFiles/cmTC_fd6f2.dir/CheckSymbolExists.c.o: In function `main':
CheckSymbolExists.c:(.text+0x16): undefined reference to `pthread_create'
collect2: error: ld returned 1 exit status
CMakeFiles/cmTC_fd6f2.dir/build.make:97: recipe for target 'cmTC_fd6f2' failed
make[2]: *** [cmTC_fd6f2] Error 1
make[2]: Leaving directory '/home/wil/projects/research/rosbeam/build/build_isolated/roscpp/CMakeFiles/CMakeTmp'
Makefile:126: recipe for target 'cmTC_fd6f2/fast' failed
make[1]: Leaving directory '/home/wil/projects/research/rosbeam/build/build_isolated/roscpp/CMakeFiles/CMakeTmp'
make[1]: *** [cmTC_fd6f2/fast] Error 2

File /home/wil/projects/research/rosbeam/build/build_isolated/roscpp/CMakeFiles/CMakeTmp/CheckSymbolExists.c:
/* */
#include <pthread.h>

int main(int argc, char** argv)
{
  (void)argv;
#ifndef pthread_create
  return ((int*)(&pthread_create))[argc];
#else
  (void)argc;
  return 0;
#endif
}

Determining if the function pthread_create exists in the pthreads failed with the following output:
Change Dir: /home/wil/projects/research/rosbeam/build/build_isolated/roscpp/CMakeFiles/CMakeTmp

Run Build Command:"/usr/bin/make" "cmTC_191de/fast"
make[1]: Entering directory '/home/wil/projects/research/rosbeam/build/build_isolated/roscpp/CMakeFiles/CMakeTmp'
/usr/bin/make -f CMakeFiles/cmTC_191de.dir/build.make CMakeFiles/cmTC_191de.dir/build
make[2]: Entering directory '/home/wil/projects/research/rosbeam/build/build_isolated/roscpp/CMakeFiles/CMakeTmp'
Building C object CMakeFiles/cmTC_191de.dir/CheckFunctionExists.c.o
/usr/bin/cc   -DCHECK_FUNCTION_EXISTS=pthread_create   -o CMakeFiles/cmTC_191de.dir/CheckFunctionExists.c.o   -c /usr/share/cmake-3.3/Modules/CheckFunctionExists.c
Linking C executable cmTC_191de
/usr/bin/cmake -E cmake_link_script CMakeFiles/cmTC_191de.dir/link.txt --verbose=1
/usr/bin/cc   -DCHECK_FUNCTION_EXISTS=pthread_create    CMakeFiles/cmTC_191de.dir/CheckFunctionExists.c.o  -o cmTC_191de -rdynamic -lpthreads 
/usr/bin/ld: cannot find -lpthreads
collect2: error: ld returned 1 exit status
CMakeFiles/cmTC_191de.dir/build.make:97: recipe for target 'cmTC_191de' failed
make[2]: *** [cmTC_191de] Error 1
make[2]: Leaving directory '/home/wil/projects/research/rosbeam/build/build_isolated/roscpp/CMakeFiles/CMakeTmp'
Makefile:126: recipe for target 'cmTC_191de/fast' failed
make[1]: *** [cmTC_191de/fast] Error 2
make[1]: Leaving directory '/home/wil/projects/research/rosbeam/build/build_isolated/roscpp/CMakeFiles/CMakeTmp'


Determining if the function trunc exists failed with the following output:
Change Dir: /home/wil/projects/research/rosbeam/build/build_isolated/roscpp/CMakeFiles/CMakeTmp

Run Build Command:"/usr/bin/make" "cmTC_47d0e/fast"
make[1]: Entering directory '/home/wil/projects/research/rosbeam/build/build_isolated/roscpp/CMakeFiles/CMakeTmp'
/usr/bin/make -f CMakeFiles/cmTC_47d0e.dir/build.make CMakeFiles/cmTC_47d0e.dir/build
make[2]: Entering directory '/home/wil/projects/research/rosbeam/build/build_isolated/roscpp/CMakeFiles/CMakeTmp'
Building C object CMakeFiles/cmTC_47d0e.dir/CheckFunctionExists.c.o
/usr/bin/cc   -DCHECK_FUNCTION_EXISTS=trunc   -o CMakeFiles/cmTC_47d0e.dir/CheckFunctionExists.c.o   -c /usr/share/cmake-3.3/Modules/CheckFunctionExists.c
<command-line>:0:23: warning: conflicting types for built-in function ‘trunc’
/usr/share/cmake-3.3/Modules/CheckFunctionExists.c:3:6: note: in expansion of macro ‘CHECK_FUNCTION_EXISTS’
 char CHECK_FUNCTION_EXISTS();
      ^
Linking C executable cmTC_47d0e
/usr/bin/cmake -E cmake_link_script CMakeFiles/cmTC_47d0e.dir/link.txt --verbose=1
/usr/bin/cc   -DCHECK_FUNCTION_EXISTS=trunc    CMakeFiles/cmTC_47d0e.dir/CheckFunctionExists.c.o  -o cmTC_47d0e -rdynamic 
CMakeFiles/cmTC_47d0e.dir/CheckFunctionExists.c.o: In function `main':
CheckFunctionExists.c:(.text+0x15): undefined reference to `trunc'
collect2: error: ld returned 1 exit status
CMakeFiles/cmTC_47d0e.dir/build.make:97: recipe for target 'cmTC_47d0e' failed
make[2]: *** [cmTC_47d0e] Error 1
make[2]: Leaving directory '/home/wil/projects/research/rosbeam/build/build_isolated/roscpp/CMakeFiles/CMakeTmp'
Makefile:126: recipe for target 'cmTC_47d0e/fast' failed
make[1]: Leaving directory '/home/wil/projects/research/rosbeam/build/build_isolated/roscpp/CMakeFiles/CMakeTmp'
make[1]: *** [cmTC_47d0e/fast] Error 2


